TA8E4 000:001.590   SEGGER J-Link V9.42 Log File
TA8E4 000:001.715   DLL Compiled: May  6 2026 12:25:27
TA8E4 000:001.720   Logging started @ 2026-06-19 16:58
TA8E4 000:001.725   Process: C:\Users\32894\.eclipse\com.renesas.platform_1435879475\DebugComp\RA\e2-server-gdb.exe
TA8E4 000:001.734 - 1.729ms 
TA8E4 000:001.746 JLINK_GetDLLVersion()
TA8E4 000:001.751 - 0.006ms returns 94200
TA8E4 000:064.076 JLINK_OpenEx(...)
TA8E4 000:070.860   Firmware: J-Link OB-RA4M2 compiled Dec 10 2025 15:52:53
TA8E4 000:071.590   Firmware: J-Link OB-RA4M2 compiled Dec 10 2025 15:52:53
TA8E4 000:089.258   Hardware: V1.00
TA8E4 000:089.302   S/N: 1081937825
TA8E4 000:089.311   OEM: SEGGER
TA8E4 000:089.379   Feature(s): None
TA8E4 000:090.155   Bootloader: 2021 May 14
TA8E4 000:090.669   USB speed mode: Full speed (12 MBit/s)
TA8E4 000:091.045   TELNET listener socket opened on port 19021
TA8E4 000:091.182   WEBSRV WEBSRV_Init(): Starting webserver thread(s)
TA8E4 000:091.424   WEBSRV Webserver running on local port 19080
TA8E4 000:091.525   Looking for J-Link GUI Server exe at: C:\Users\32894\.eclipse\com.renesas.platform_1435879475\DebugComp\RA\ARM\Segger_v9.42.0\JLinkGUIServer.exe
TA8E4 000:091.615   Looking for J-Link GUI Server exe at: C:\Program Files\SEGGER\JLink_V950\JLinkGUIServer.exe
TA8E4 000:091.643   Forking J-Link GUI Server: C:\Program Files\SEGGER\JLink_V950\JLinkGUIServer.exe
TA8E4 000:479.215   J-Link GUI Server info: "J-Link GUI server V9.50 "
TA8E4 000:486.457 - 422.375ms returns "O.K."
TA8E4 000:486.565 JLINK_TIF_Select(JLINKARM_TIF_SWD)
TA8E4 000:487.274 - 0.713ms returns 0x00
TA8E4 000:487.302 JLINK_ClrRESET()
TA8E4 000:487.573 - 0.270ms 
TA8E4 000:538.643 JLINK_SetSpeed(1500)
TA8E4 000:538.805 - 0.167ms 
TA8E4 000:538.826 JLINK_CORESIGHT_Configure(PerformTIFInit=0)
TA8E4 000:539.203 - 0.378ms returns 0
TA8E4 000:539.217 JLINK_CORESIGHT_ReadAPDPReg(DP reg 0x00)
TA8E4 000:539.688   Value=0x6BA02477
TA8E4 000:539.698 - 0.482ms returns 0
TA8E4 000:539.708 JLINK_CORESIGHT_WriteAPDPReg(DP reg 0x00, 0x0000001F)
TA8E4 000:539.928 - 0.221ms returns 0
TA8E4 000:539.936 JLINK_CORESIGHT_ReadAPDPReg(DP reg 0x00)
TA8E4 000:540.153   Value=0x6BA02477
TA8E4 000:540.162 - 0.226ms returns 0
TA8E4 000:540.168 JLINK_CORESIGHT_WriteAPDPReg(DP reg 0x02, 0x00000000)
TA8E4 000:540.369 - 0.200ms returns 0
TA8E4 000:540.377 JLINK_CORESIGHT_WriteAPDPReg(DP reg 0x01, 0x50000000)
TA8E4 000:540.575 - 0.198ms returns 0
TA8E4 000:540.595 JLINK_CORESIGHT_ReadAPDPReg(DP reg 0x01)
TA8E4 000:540.804   Value=0xF0000000
TA8E4 000:540.814 - 0.218ms returns 0
TA8E4 000:540.821 JLINK_CORESIGHT_WriteAPDPReg(DP reg 0x00, 0x0000001F)
TA8E4 000:541.018 - 0.197ms returns 0
TA8E4 000:541.027 JLINK_CORESIGHT_ReadAPDPReg(DP reg 0x00)
TA8E4 000:541.265   Value=0x6BA02477
TA8E4 000:541.273 - 0.246ms returns 0
TA8E4 000:541.280 JLINK_CORESIGHT_WriteAPDPReg(DP reg 0x01, 0x54000000)
TA8E4 000:541.487 - 0.207ms returns 0
TA8E4 000:541.496 JLINK_CORESIGHT_WriteAPDPReg(DP reg 0x01, 0x50000F00)
TA8E4 000:541.689 - 0.193ms returns 0
TA8E4 000:541.698 JLINK_CORESIGHT_WriteAPDPReg(DP reg 0x02, 0x01000000)
TA8E4 000:541.919 - 0.221ms returns 0
TA8E4 000:541.926 JLINK_CORESIGHT_WriteAPDPReg(AP reg 0x00, 0x80000002)
TA8E4 000:542.141 - 0.215ms returns 0
TA8E4 000:542.149 JLINK_CORESIGHT_WriteAPDPReg(AP reg 0x01, 0x80011100)
TA8E4 000:542.349 - 0.199ms returns 0
TA8E4 000:542.356 JLINK_CORESIGHT_WriteAPDPReg(AP reg 0x03, 0x000000A5)
TA8E4 000:542.635 - 0.278ms returns 0
TA8E4 000:542.642 JLINK_CORESIGHT_WriteAPDPReg(AP reg 0x00, 0x80000002)
TA8E4 000:542.840 - 0.197ms returns 0
TA8E4 000:542.857 JLINK_CORESIGHT_WriteAPDPReg(AP reg 0x01, 0x80011100)
TA8E4 000:543.043 - 0.186ms returns 0
TA8E4 000:543.051 JLINK_CORESIGHT_ReadAPDPReg(AP reg 0x03)
TA8E4 000:543.361   Value=0x000000A5
TA8E4 000:543.377 - 0.325ms returns 0
TA8E4 000:543.385 JLINK_ClrTMS()
TA8E4 000:543.510 - 0.121ms 
TA8E4 000:549.026 JLINK_SetTCK()
TA8E4 000:549.142 - 0.116ms returns 0
TA8E4 000:554.290 JLINK_SetRESET()
TA8E4 000:554.496 - 0.204ms 
TA8E4 000:755.487 JLINK_CORESIGHT_WriteAPDPReg(AP reg 0x00, 0x80000002)
TA8E4 000:755.855 - 0.368ms returns 0
TA8E4 000:755.878 JLINK_CORESIGHT_WriteAPDPReg(AP reg 0x01, 0x80011100)
TA8E4 000:756.187 - 0.309ms returns 0
TA8E4 000:756.218 JLINK_CORESIGHT_ReadAPDPReg(AP reg 0x03)
TA8E4 000:756.524   Value=0x00000000
TA8E4 000:756.543 - 0.325ms returns 0
TA8E4 000:756.561 JLINK_CORESIGHT_WriteAPDPReg(AP reg 0x00, 0x80000002)
TA8E4 000:756.773 - 0.211ms returns 0
TA8E4 000:756.793 JLINK_CORESIGHT_WriteAPDPReg(AP reg 0x01, 0x80011140)
TA8E4 000:757.000 - 0.206ms returns 0
TA8E4 000:757.010 JLINK_CORESIGHT_ReadAPDPReg(AP reg 0x03)
TA8E4 000:757.343   Value=0x00000002
TA8E4 000:757.358 - 0.348ms returns 0
TA8E4 000:757.370 JLINK_CORESIGHT_WriteAPDPReg(AP reg 0x00, 0x80000002)
TA8E4 000:757.578 - 0.208ms returns 0
TA8E4 000:757.596 JLINK_CORESIGHT_WriteAPDPReg(AP reg 0x01, 0x80011120)
TA8E4 000:757.808 - 0.212ms returns 0
TA8E4 000:757.816 JLINK_CORESIGHT_WriteAPDPReg(AP reg 0x03, 0x00000055)
TA8E4 000:758.016 - 0.199ms returns 0
TA8E4 000:758.024 JLINK_CORESIGHT_WriteAPDPReg(AP reg 0x00, 0x80000002)
TA8E4 000:758.296 - 0.272ms returns 0
TA8E4 000:758.312 JLINK_CORESIGHT_WriteAPDPReg(AP reg 0x01, 0x80011140)
TA8E4 000:758.513 - 0.200ms returns 0
TA8E4 000:758.529 JLINK_CORESIGHT_ReadAPDPReg(AP reg 0x03)
TA8E4 000:758.786   Value=0x00000002
TA8E4 000:758.795 - 0.266ms returns 0
TA8E4 000:758.802 JLINK_CORESIGHT_ReadAPDPReg(AP reg 0x03)
TA8E4 000:759.043   Value=0x00000002
TA8E4 000:759.053 - 0.250ms returns 0
TA8E4 000:759.061 JLINK_CORESIGHT_ReadAPDPReg(AP reg 0x03)
TA8E4 000:759.309   Value=0x00000002
TA8E4 000:759.324 - 0.263ms returns 0
TA8E4 000:759.333 JLINK_CORESIGHT_ReadAPDPReg(AP reg 0x03)
TA8E4 000:759.557   Value=0x00000002
TA8E4 000:759.567 - 0.233ms returns 0
TA8E4 000:759.574 JLINK_CORESIGHT_ReadAPDPReg(AP reg 0x03)
TA8E4 000:759.803   Value=0x00000002
TA8E4 000:759.816 - 0.241ms returns 0
TA8E4 000:759.825 JLINK_CORESIGHT_ReadAPDPReg(AP reg 0x03)
TA8E4 000:760.057   Value=0x00000002
TA8E4 000:760.072 - 0.247ms returns 0
TA8E4 000:760.081 JLINK_CORESIGHT_ReadAPDPReg(AP reg 0x03)
TA8E4 000:760.311   Value=0x00000002
TA8E4 000:760.322 - 0.241ms returns 0
TA8E4 000:760.331 JLINK_CORESIGHT_ReadAPDPReg(AP reg 0x03)
TA8E4 000:760.553   Value=0x00000002
TA8E4 000:760.563 - 0.232ms returns 0
TA8E4 000:760.570 JLINK_CORESIGHT_ReadAPDPReg(AP reg 0x03)
TA8E4 000:760.806   Value=0x00000002
TA8E4 000:760.820 - 0.249ms returns 0
TA8E4 000:760.828 JLINK_CORESIGHT_ReadAPDPReg(AP reg 0x03)
TA8E4 000:761.056   Value=0x00000002
TA8E4 000:761.068 - 0.239ms returns 0
TA8E4 000:761.076 JLINK_CORESIGHT_ReadAPDPReg(AP reg 0x03)
TA8E4 000:761.327   Value=0x00000002
TA8E4 000:761.336 - 0.259ms returns 0
TA8E4 000:761.342 JLINK_CORESIGHT_ReadAPDPReg(AP reg 0x03)
TA8E4 000:761.596   Value=0x00000002
TA8E4 000:761.604 - 0.261ms returns 0
TA8E4 000:761.610 JLINK_CORESIGHT_ReadAPDPReg(AP reg 0x03)
TA8E4 000:761.851   Value=0x00000002
TA8E4 000:761.862 - 0.252ms returns 0
TA8E4 000:761.870 JLINK_CORESIGHT_ReadAPDPReg(AP reg 0x03)
TA8E4 000:762.162   Value=0x00000002
TA8E4 000:762.190 - 0.320ms returns 0
TA8E4 000:762.206 JLINK_CORESIGHT_ReadAPDPReg(AP reg 0x03)
TA8E4 000:762.468   Value=0x00000002
TA8E4 000:762.497 - 0.290ms returns 0
TA8E4 000:762.512 JLINK_CORESIGHT_ReadAPDPReg(AP reg 0x03)
TA8E4 000:762.768   Value=0x00000002
TA8E4 000:762.785 - 0.273ms returns 0
TA8E4 000:762.794 JLINK_CORESIGHT_ReadAPDPReg(AP reg 0x03)
TA8E4 000:763.035   Value=0x00000002
TA8E4 000:763.072 - 0.277ms returns 0
TA8E4 000:763.081 JLINK_CORESIGHT_ReadAPDPReg(AP reg 0x03)
TA8E4 000:763.329   Value=0x00000002
TA8E4 000:763.337 - 0.256ms returns 0
TA8E4 000:763.345 JLINK_CORESIGHT_ReadAPDPReg(AP reg 0x03)
TA8E4 000:763.608   Value=0x00000002
TA8E4 000:763.624 - 0.279ms returns 0
TA8E4 000:763.633 JLINK_CORESIGHT_ReadAPDPReg(AP reg 0x03)
TA8E4 000:763.865   Value=0x00000002
TA8E4 000:763.881 - 0.248ms returns 0
TA8E4 000:763.889 JLINK_CORESIGHT_ReadAPDPReg(AP reg 0x03)
TA8E4 000:764.150   Value=0x00000002
TA8E4 000:764.166 - 0.277ms returns 0
TA8E4 000:764.174 JLINK_CORESIGHT_ReadAPDPReg(AP reg 0x03)
TA8E4 000:764.407   Value=0x00000002
TA8E4 000:764.414 - 0.240ms returns 0
TA8E4 000:764.421 JLINK_CORESIGHT_ReadAPDPReg(AP reg 0x03)
TA8E4 000:764.696   Value=0x00000002
TA8E4 000:764.711 - 0.289ms returns 0
TA8E4 000:764.718 JLINK_CORESIGHT_ReadAPDPReg(AP reg 0x03)
TA8E4 000:765.020   Value=0x00000002
TA8E4 000:765.054 - 0.335ms returns 0
TA8E4 000:765.061 JLINK_CORESIGHT_ReadAPDPReg(AP reg 0x03)
TA8E4 000:765.312   Value=0x00000002
TA8E4 000:765.331 - 0.269ms returns 0
TA8E4 000:765.345 JLINK_CORESIGHT_ReadAPDPReg(AP reg 0x03)
TA8E4 000:765.619   Value=0x00000002
TA8E4 000:765.634 - 0.289ms returns 0
TA8E4 000:765.643 JLINK_CORESIGHT_ReadAPDPReg(AP reg 0x03)
TA8E4 000:765.938   Value=0x00000002
TA8E4 000:765.955 - 0.312ms returns 0
TA8E4 000:765.964 JLINK_CORESIGHT_ReadAPDPReg(AP reg 0x03)
TA8E4 000:766.234   Value=0x00000002
TA8E4 000:766.251 - 0.287ms returns 0
TA8E4 000:766.259 JLINK_CORESIGHT_ReadAPDPReg(AP reg 0x03)
TA8E4 000:766.524   Value=0x00000002
TA8E4 000:766.536 - 0.276ms returns 0
TA8E4 000:766.544 JLINK_CORESIGHT_ReadAPDPReg(AP reg 0x03)
TA8E4 000:766.793   Value=0x00000002
TA8E4 000:766.802 - 0.258ms returns 0
TA8E4 000:766.809 JLINK_CORESIGHT_ReadAPDPReg(AP reg 0x03)
TA8E4 000:767.064   Value=0x00000002
TA8E4 000:767.079 - 0.270ms returns 0
TA8E4 000:767.088 JLINK_CORESIGHT_ReadAPDPReg(AP reg 0x03)
TA8E4 000:767.335   Value=0x00000002
TA8E4 000:767.344 - 0.256ms returns 0
TA8E4 000:767.352 JLINK_CORESIGHT_ReadAPDPReg(AP reg 0x03)
TA8E4 000:767.606   Value=0x00000002
TA8E4 000:767.618 - 0.266ms returns 0
TA8E4 000:767.632 JLINK_CORESIGHT_ReadAPDPReg(AP reg 0x03)
TA8E4 000:767.941   Value=0x00000002
TA8E4 000:767.950 - 0.318ms returns 0
TA8E4 000:767.963 JLINK_CORESIGHT_ReadAPDPReg(AP reg 0x03)
TA8E4 000:768.230   Value=0x00000002
TA8E4 000:768.293 - 0.329ms returns 0
TA8E4 000:768.837 JLINK_CORESIGHT_ReadAPDPReg(AP reg 0x03)
TA8E4 000:769.183   Value=0x00000002
TA8E4 000:769.201 - 0.364ms returns 0
TA8E4 000:769.209 JLINK_CORESIGHT_ReadAPDPReg(AP reg 0x03)
TA8E4 000:769.456   Value=0x00000000
TA8E4 000:769.471 - 0.262ms returns 0
TA8E4 000:769.480 JLINK_CORESIGHT_WriteAPDPReg(AP reg 0x00, 0x80000002)
TA8E4 000:769.676 - 0.196ms returns 0
TA8E4 000:769.684 JLINK_CORESIGHT_WriteAPDPReg(AP reg 0x01, 0x80011130)
TA8E4 000:769.887 - 0.203ms returns 0
TA8E4 000:769.903 JLINK_CORESIGHT_ReadAPDPReg(AP reg 0x03)
TA8E4 000:770.147   Value=0x000000C6
TA8E4 000:770.162 - 0.259ms returns 0
TA8E4 000:770.182 JLINK_CORESIGHT_WriteAPDPReg(AP reg 0x00, 0x80000002)
TA8E4 000:770.366 - 0.184ms returns 0
TA8E4 000:770.375 JLINK_CORESIGHT_WriteAPDPReg(AP reg 0x01, 0x80011140)
TA8E4 000:770.576 - 0.201ms returns 0
TA8E4 000:770.587 JLINK_CORESIGHT_ReadAPDPReg(AP reg 0x03)
TA8E4 000:770.848   Value=0x00000002
TA8E4 000:770.862 - 0.275ms returns 0
TA8E4 000:770.871 JLINK_CORESIGHT_WriteAPDPReg(AP reg 0x00, 0x80000002)
TA8E4 000:771.055 - 0.183ms returns 0
TA8E4 000:771.063 JLINK_CORESIGHT_WriteAPDPReg(AP reg 0x01, 0x80011120)
TA8E4 000:771.264 - 0.200ms returns 0
TA8E4 000:771.276 JLINK_CORESIGHT_WriteAPDPReg(AP reg 0x03, 0x3A010001)
TA8E4 000:771.459 - 0.183ms returns 0
TA8E4 000:771.469 JLINK_CORESIGHT_WriteAPDPReg(AP reg 0x00, 0x80000002)
TA8E4 000:771.676 - 0.207ms returns 0
TA8E4 000:771.686 JLINK_CORESIGHT_WriteAPDPReg(AP reg 0x01, 0x80011140)
TA8E4 000:771.885 - 0.199ms returns 0
TA8E4 000:771.897 JLINK_CORESIGHT_ReadAPDPReg(AP reg 0x03)
TA8E4 000:772.180   Value=0x00000002
TA8E4 000:772.195 - 0.298ms returns 0
TA8E4 000:772.204 JLINK_CORESIGHT_WriteAPDPReg(AP reg 0x00, 0x80000002)
TA8E4 000:772.410 - 0.206ms returns 0
TA8E4 000:772.419 JLINK_CORESIGHT_WriteAPDPReg(AP reg 0x01, 0x80011120)
TA8E4 000:772.623 - 0.204ms returns 0
TA8E4 000:772.635 JLINK_CORESIGHT_WriteAPDPReg(AP reg 0x03, 0x000003C5)
TA8E4 000:772.842 - 0.206ms returns 0
TA8E4 000:772.863 JLINK_CORESIGHT_WriteAPDPReg(AP reg 0x00, 0x80000002)
TA8E4 000:773.062 - 0.199ms returns 0
TA8E4 000:773.093 JLINK_CORESIGHT_WriteAPDPReg(AP reg 0x01, 0x80011140)
TA8E4 000:773.295 - 0.202ms returns 0
TA8E4 000:773.304 JLINK_CORESIGHT_ReadAPDPReg(AP reg 0x03)
TA8E4 000:773.556   Value=0x00000002
TA8E4 000:773.564 - 0.259ms returns 0
TA8E4 000:773.571 JLINK_CORESIGHT_ReadAPDPReg(AP reg 0x03)
TA8E4 000:773.809   Value=0x00000002
TA8E4 000:773.820 - 0.248ms returns 0
TA8E4 000:773.828 JLINK_CORESIGHT_ReadAPDPReg(AP reg 0x03)
TA8E4 000:774.148   Value=0x00000002
TA8E4 000:774.189 - 0.360ms returns 0
TA8E4 000:774.214 JLINK_CORESIGHT_ReadAPDPReg(AP reg 0x03)
TA8E4 000:774.482   Value=0x00000000
TA8E4 000:774.501 - 0.288ms returns 0
TA8E4 000:774.511 JLINK_CORESIGHT_WriteAPDPReg(AP reg 0x00, 0x80000002)
TA8E4 000:774.761 - 0.250ms returns 0
TA8E4 000:774.770 JLINK_CORESIGHT_WriteAPDPReg(AP reg 0x01, 0x80011130)
TA8E4 000:774.981 - 0.209ms returns 0
TA8E4 000:774.997 JLINK_CORESIGHT_ReadAPDPReg(AP reg 0x03)
TA8E4 000:775.311   Value=0x3A2A0081
TA8E4 000:775.319 - 0.322ms returns 0
TA8E4 000:775.327 JLINK_CORESIGHT_WriteAPDPReg(AP reg 0x00, 0x80000002)
TA8E4 000:775.557 - 0.230ms returns 0
TA8E4 000:775.573 JLINK_CORESIGHT_WriteAPDPReg(AP reg 0x01, 0x80011140)
TA8E4 000:775.783 - 0.209ms returns 0
TA8E4 000:775.802 JLINK_CORESIGHT_ReadAPDPReg(AP reg 0x03)
TA8E4 000:776.147   Value=0x00000000
TA8E4 000:776.159 - 0.356ms returns 0
TA8E4 000:776.167 JLINK_CORESIGHT_WriteAPDPReg(AP reg 0x00, 0x80000002)
TA8E4 000:776.415 - 0.247ms returns 0
TA8E4 000:776.423 JLINK_CORESIGHT_WriteAPDPReg(AP reg 0x01, 0x80011130)
TA8E4 000:776.620 - 0.197ms returns 0
TA8E4 000:776.628 JLINK_CORESIGHT_ReadAPDPReg(AP reg 0x03)
TA8E4 000:776.871   Value=0x808D5B00
TA8E4 000:776.888 - 0.259ms returns 0
TA8E4 000:776.897 JLINK_CORESIGHT_WriteAPDPReg(AP reg 0x00, 0x80000002)
TA8E4 000:777.181 - 0.283ms returns 0
TA8E4 000:777.195 JLINK_CORESIGHT_WriteAPDPReg(AP reg 0x01, 0x80011140)
TA8E4 000:777.400 - 0.204ms returns 0
TA8E4 000:777.421 JLINK_CORESIGHT_ReadAPDPReg(AP reg 0x03)
TA8E4 000:777.661   Value=0x00000000
TA8E4 000:777.670 - 0.249ms returns 0
TA8E4 000:777.678 JLINK_CORESIGHT_WriteAPDPReg(AP reg 0x00, 0x80000002)
TA8E4 000:777.878 - 0.200ms returns 0
TA8E4 000:777.892 JLINK_CORESIGHT_WriteAPDPReg(AP reg 0x01, 0x80011130)
TA8E4 000:778.181 - 0.288ms returns 0
TA8E4 000:778.194 JLINK_CORESIGHT_ReadAPDPReg(AP reg 0x03)
TA8E4 000:778.557   Value=0x0406070A
TA8E4 000:778.589 - 0.393ms returns 0
TA8E4 000:778.622 JLINK_CORESIGHT_WriteAPDPReg(AP reg 0x00, 0x80000002)
TA8E4 000:778.838 - 0.216ms returns 0
TA8E4 000:778.851 JLINK_CORESIGHT_WriteAPDPReg(AP reg 0x01, 0x80011140)
TA8E4 000:779.055 - 0.203ms returns 0
TA8E4 000:779.067 JLINK_CORESIGHT_ReadAPDPReg(AP reg 0x03)
TA8E4 000:779.312   Value=0x00000000
TA8E4 000:779.324 - 0.256ms returns 0
TA8E4 000:779.332 JLINK_CORESIGHT_WriteAPDPReg(AP reg 0x00, 0x80000002)
TA8E4 000:779.560 - 0.228ms returns 0
TA8E4 000:779.576 JLINK_CORESIGHT_WriteAPDPReg(AP reg 0x01, 0x80011130)
TA8E4 000:779.771 - 0.195ms returns 0
TA8E4 000:779.779 JLINK_CORESIGHT_ReadAPDPReg(AP reg 0x03)
TA8E4 000:780.033   Value=0x3254540B
TA8E4 000:780.049 - 0.269ms returns 0
TA8E4 000:780.073 JLINK_CORESIGHT_WriteAPDPReg(AP reg 0x00, 0x80000002)
TA8E4 000:780.268 - 0.203ms returns 0
TA8E4 000:780.287 JLINK_CORESIGHT_WriteAPDPReg(AP reg 0x01, 0x80011140)
TA8E4 000:780.484 - 0.197ms returns 0
TA8E4 000:780.494 JLINK_CORESIGHT_ReadAPDPReg(AP reg 0x03)
TA8E4 000:780.747   Value=0x00000000
TA8E4 000:780.763 - 0.268ms returns 0
TA8E4 000:780.772 JLINK_CORESIGHT_WriteAPDPReg(AP reg 0x00, 0x80000002)
TA8E4 000:780.997 - 0.225ms returns 0
TA8E4 000:781.020 JLINK_CORESIGHT_WriteAPDPReg(AP reg 0x01, 0x80011130)
TA8E4 000:781.294 - 0.274ms returns 0
TA8E4 000:781.311 JLINK_CORESIGHT_ReadAPDPReg(AP reg 0x03)
TA8E4 000:781.562   Value=0x54225259
TA8E4 000:781.578 - 0.266ms returns 0
TA8E4 000:781.586 JLINK_CORESIGHT_WriteAPDPReg(AP reg 0x00, 0x80000002)
TA8E4 000:781.806 - 0.220ms returns 0
TA8E4 000:781.815 JLINK_CORESIGHT_WriteAPDPReg(AP reg 0x01, 0x80011140)
TA8E4 000:782.064 - 0.248ms returns 0
TA8E4 000:782.081 JLINK_CORESIGHT_ReadAPDPReg(AP reg 0x03)
TA8E4 000:782.303   Value=0x00000000
TA8E4 000:782.311 - 0.230ms returns 0
TA8E4 000:782.318 JLINK_CORESIGHT_WriteAPDPReg(AP reg 0x00, 0x80000002)
TA8E4 000:782.539 - 0.220ms returns 0
TA8E4 000:782.553 JLINK_CORESIGHT_WriteAPDPReg(AP reg 0x01, 0x80011130)
TA8E4 000:782.740 - 0.187ms returns 0
TA8E4 000:782.749 JLINK_CORESIGHT_ReadAPDPReg(AP reg 0x03)
TA8E4 000:782.997   Value=0x34325736
TA8E4 000:783.007 - 0.258ms returns 0
TA8E4 000:783.014 JLINK_CORESIGHT_WriteAPDPReg(AP reg 0x00, 0x80000002)
TA8E4 000:783.256 - 0.241ms returns 0
TA8E4 000:783.264 JLINK_CORESIGHT_WriteAPDPReg(AP reg 0x01, 0x80011140)
TA8E4 000:783.455 - 0.191ms returns 0
TA8E4 000:783.466 JLINK_CORESIGHT_ReadAPDPReg(AP reg 0x03)
TA8E4 000:783.725   Value=0x00000000
TA8E4 000:783.740 - 0.274ms returns 0
TA8E4 000:783.749 JLINK_CORESIGHT_WriteAPDPReg(AP reg 0x00, 0x80000002)
TA8E4 000:783.949 - 0.200ms returns 0
TA8E4 000:783.957 JLINK_CORESIGHT_WriteAPDPReg(AP reg 0x01, 0x80011130)
TA8E4 000:784.156 - 0.198ms returns 0
TA8E4 000:784.164 JLINK_CORESIGHT_ReadAPDPReg(AP reg 0x03)
TA8E4 000:784.394   Value=0x8B082D30
TA8E4 000:784.404 - 0.239ms returns 0
TA8E4 000:784.410 JLINK_CORESIGHT_WriteAPDPReg(AP reg 0x00, 0x80000002)
TA8E4 000:784.596 - 0.186ms returns 0
TA8E4 000:784.604 JLINK_CORESIGHT_WriteAPDPReg(AP reg 0x01, 0x80011140)
TA8E4 000:784.869 - 0.264ms returns 0
TA8E4 000:784.883 JLINK_CORESIGHT_ReadAPDPReg(AP reg 0x03)
TA8E4 000:785.145   Value=0x00000000
TA8E4 000:785.154 - 0.271ms returns 0
TA8E4 000:785.161 JLINK_CORESIGHT_WriteAPDPReg(AP reg 0x00, 0x80000002)
TA8E4 000:785.352 - 0.190ms returns 0
TA8E4 000:785.360 JLINK_CORESIGHT_WriteAPDPReg(AP reg 0x01, 0x80011130)
TA8E4 000:785.638 - 0.277ms returns 0
TA8E4 000:785.653 JLINK_CORESIGHT_ReadAPDPReg(AP reg 0x03)
TA8E4 000:785.893   Value=0x4B37526B
TA8E4 000:785.906 - 0.253ms returns 0
TA8E4 000:785.914 JLINK_CORESIGHT_WriteAPDPReg(AP reg 0x00, 0x80000002)
TA8E4 000:786.300 - 0.385ms returns 0
TA8E4 000:786.326 JLINK_CORESIGHT_WriteAPDPReg(AP reg 0x01, 0x80011140)
TA8E4 000:786.535 - 0.208ms returns 0
TA8E4 000:786.551 JLINK_CORESIGHT_ReadAPDPReg(AP reg 0x03)
TA8E4 000:786.819   Value=0x00000000
TA8E4 000:786.834 - 0.282ms returns 0
TA8E4 000:786.842 JLINK_CORESIGHT_WriteAPDPReg(AP reg 0x00, 0x80000002)
TA8E4 000:787.071 - 0.228ms returns 0
TA8E4 000:787.089 JLINK_CORESIGHT_WriteAPDPReg(AP reg 0x01, 0x80011130)
TA8E4 000:787.298 - 0.210ms returns 0
TA8E4 000:787.309 JLINK_CORESIGHT_ReadAPDPReg(AP reg 0x03)
TA8E4 000:787.555   Value=0x31503841
TA8E4 000:787.572 - 0.262ms returns 0
TA8E4 000:787.581 JLINK_CORESIGHT_WriteAPDPReg(AP reg 0x00, 0x80000002)
TA8E4 000:787.801 - 0.220ms returns 0
TA8E4 000:787.810 JLINK_CORESIGHT_WriteAPDPReg(AP reg 0x01, 0x80011140)
TA8E4 000:788.010 - 0.200ms returns 0
TA8E4 000:788.019 JLINK_CORESIGHT_ReadAPDPReg(AP reg 0x03)
TA8E4 000:788.313   Value=0x00000000
TA8E4 000:788.329 - 0.309ms returns 0
TA8E4 000:788.337 JLINK_CORESIGHT_WriteAPDPReg(AP reg 0x00, 0x80000002)
TA8E4 000:788.556 - 0.218ms returns 0
TA8E4 000:788.583 JLINK_CORESIGHT_WriteAPDPReg(AP reg 0x01, 0x80011130)
TA8E4 000:788.785 - 0.202ms returns 0
TA8E4 000:788.798 JLINK_CORESIGHT_ReadAPDPReg(AP reg 0x03)
TA8E4 000:789.066   Value=0x434C464B
TA8E4 000:789.080 - 0.281ms returns 0
TA8E4 000:789.088 JLINK_CORESIGHT_WriteAPDPReg(AP reg 0x00, 0x80000002)
TA8E4 000:789.293 - 0.205ms returns 0
TA8E4 000:789.304 JLINK_CORESIGHT_WriteAPDPReg(AP reg 0x01, 0x80011140)
TA8E4 000:789.499 - 0.195ms returns 0
TA8E4 000:789.508 JLINK_CORESIGHT_ReadAPDPReg(AP reg 0x03)
TA8E4 000:789.747   Value=0x00000000
TA8E4 000:789.759 - 0.251ms returns 0
TA8E4 000:789.768 JLINK_CORESIGHT_WriteAPDPReg(AP reg 0x00, 0x80000002)
TA8E4 000:789.966 - 0.198ms returns 0
TA8E4 000:789.974 JLINK_CORESIGHT_WriteAPDPReg(AP reg 0x01, 0x80011130)
TA8E4 000:790.177 - 0.203ms returns 0
TA8E4 000:790.189 JLINK_CORESIGHT_ReadAPDPReg(AP reg 0x03)
TA8E4 000:790.438   Value=0x20204341
TA8E4 000:790.453 - 0.264ms returns 0
TA8E4 000:790.461 JLINK_CORESIGHT_WriteAPDPReg(AP reg 0x00, 0x80000002)
TA8E4 000:790.675 - 0.214ms returns 0
TA8E4 000:790.685 JLINK_CORESIGHT_WriteAPDPReg(AP reg 0x01, 0x80011140)
TA8E4 000:790.882 - 0.198ms returns 0
TA8E4 000:790.897 JLINK_CORESIGHT_ReadAPDPReg(AP reg 0x03)
TA8E4 000:791.162   Value=0x00000000
TA8E4 000:791.178 - 0.281ms returns 0
TA8E4 000:791.189 JLINK_CORESIGHT_WriteAPDPReg(AP reg 0x00, 0x80000002)
TA8E4 000:791.403 - 0.213ms returns 0
TA8E4 000:791.425 JLINK_CORESIGHT_WriteAPDPReg(AP reg 0x01, 0x80011130)
TA8E4 000:791.684 - 0.257ms returns 0
TA8E4 000:791.710 JLINK_CORESIGHT_ReadAPDPReg(AP reg 0x03)
TA8E4 000:791.954   Value=0x0003F320
TA8E4 000:791.965 - 0.255ms returns 0
TA8E4 000:792.079 JLINK_CORESIGHT_WriteAPDPReg(AP reg 0x00, 0x80000002)
TA8E4 000:792.339 - 0.260ms returns 0
TA8E4 000:792.358 JLINK_CORESIGHT_WriteAPDPReg(AP reg 0x01, 0x80011140)
TA8E4 000:792.561 - 0.202ms returns 0
TA8E4 000:792.585 JLINK_CORESIGHT_ReadAPDPReg(AP reg 0x03)
TA8E4 000:792.879   Value=0x00000002
TA8E4 000:792.893 - 0.308ms returns 0
TA8E4 000:792.909 JLINK_CORESIGHT_WriteAPDPReg(AP reg 0x00, 0x80000002)
TA8E4 000:793.159 - 0.249ms returns 0
TA8E4 000:793.176 JLINK_CORESIGHT_WriteAPDPReg(AP reg 0x01, 0x80011120)
TA8E4 000:793.395 - 0.218ms returns 0
TA8E4 000:793.423 JLINK_CORESIGHT_WriteAPDPReg(AP reg 0x03, 0x39020001)
TA8E4 000:793.629 - 0.206ms returns 0
TA8E4 000:793.647 JLINK_CORESIGHT_WriteAPDPReg(AP reg 0x00, 0x80000002)
TA8E4 000:793.857 - 0.209ms returns 0
TA8E4 000:793.876 JLINK_CORESIGHT_WriteAPDPReg(AP reg 0x01, 0x80011140)
TA8E4 000:794.145 - 0.269ms returns 0
TA8E4 000:794.162 JLINK_CORESIGHT_ReadAPDPReg(AP reg 0x03)
TA8E4 000:794.417   Value=0x00000002
TA8E4 000:794.427 - 0.265ms returns 0
TA8E4 000:794.440 JLINK_CORESIGHT_WriteAPDPReg(AP reg 0x00, 0x80000002)
TA8E4 000:794.646 - 0.206ms returns 0
TA8E4 000:794.666 JLINK_CORESIGHT_WriteAPDPReg(AP reg 0x01, 0x80011120)
TA8E4 000:794.858 - 0.192ms returns 0
TA8E4 000:794.880 JLINK_CORESIGHT_WriteAPDPReg(AP reg 0x03, 0x0003B312)
TA8E4 000:795.068 - 0.188ms returns 0
TA8E4 000:795.085 JLINK_CORESIGHT_WriteAPDPReg(AP reg 0x00, 0x80000002)
TA8E4 000:795.267 - 0.181ms returns 0
TA8E4 000:795.290 JLINK_CORESIGHT_WriteAPDPReg(AP reg 0x01, 0x80011140)
TA8E4 000:795.490 - 0.200ms returns 0
TA8E4 000:795.504 JLINK_CORESIGHT_ReadAPDPReg(AP reg 0x03)
TA8E4 000:795.740   Value=0x00000000
TA8E4 000:795.748 - 0.244ms returns 0
TA8E4 000:795.759 JLINK_CORESIGHT_WriteAPDPReg(AP reg 0x00, 0x80000002)
TA8E4 000:795.955 - 0.195ms returns 0
TA8E4 000:795.972 JLINK_CORESIGHT_WriteAPDPReg(AP reg 0x01, 0x80011130)
TA8E4 000:796.177 - 0.205ms returns 0
TA8E4 000:796.189 JLINK_CORESIGHT_ReadAPDPReg(AP reg 0x03)
TA8E4 000:796.438   Value=0xB90A0081
TA8E4 000:796.451 - 0.261ms returns 0
TA8E4 000:796.463 JLINK_CORESIGHT_WriteAPDPReg(AP reg 0x00, 0x80000002)
TA8E4 000:796.661 - 0.197ms returns 0
TA8E4 000:796.673 JLINK_CORESIGHT_WriteAPDPReg(AP reg 0x01, 0x80011140)
TA8E4 000:796.877 - 0.204ms returns 0
TA8E4 000:796.902 JLINK_CORESIGHT_ReadAPDPReg(AP reg 0x03)
TA8E4 000:797.147   Value=0x00000000
TA8E4 000:797.160 - 0.258ms returns 0
TA8E4 000:797.173 JLINK_CORESIGHT_WriteAPDPReg(AP reg 0x00, 0x80000002)
TA8E4 000:797.363 - 0.190ms returns 0
TA8E4 000:797.379 JLINK_CORESIGHT_WriteAPDPReg(AP reg 0x01, 0x80011130)
TA8E4 000:797.574 - 0.195ms returns 0
TA8E4 000:797.585 JLINK_CORESIGHT_ReadAPDPReg(AP reg 0x03)
TA8E4 000:797.850   Value=0xFFFFFFC0
TA8E4 000:797.866 - 0.281ms returns 0
TA8E4 000:797.879 JLINK_CORESIGHT_WriteAPDPReg(AP reg 0x00, 0x80000002)
TA8E4 000:798.063 - 0.184ms returns 0
TA8E4 000:798.075 JLINK_CORESIGHT_WriteAPDPReg(AP reg 0x01, 0x80011140)
TA8E4 000:798.300 - 0.225ms returns 0
TA8E4 000:798.784 JLINK_CORESIGHT_ReadAPDPReg(AP reg 0x03)
TA8E4 000:799.060   Value=0x00000000
TA8E4 000:799.077 - 0.292ms returns 0
TA8E4 000:799.087 JLINK_CORESIGHT_WriteAPDPReg(AP reg 0x00, 0x80000002)
TA8E4 000:799.309 - 0.222ms returns 0
TA8E4 000:799.329 JLINK_CORESIGHT_WriteAPDPReg(AP reg 0x01, 0x80011130)
TA8E4 000:799.540 - 0.211ms returns 0
TA8E4 000:799.548 JLINK_CORESIGHT_ReadAPDPReg(AP reg 0x03)
TA8E4 000:799.784   Value=0xFFFFFFFF
TA8E4 000:799.792 - 0.244ms returns 0
TA8E4 000:799.799 JLINK_CORESIGHT_WriteAPDPReg(AP reg 0x00, 0x80000002)
TA8E4 000:799.998 - 0.198ms returns 0
TA8E4 000:800.014 JLINK_CORESIGHT_WriteAPDPReg(AP reg 0x01, 0x80011140)
TA8E4 000:800.268 - 0.253ms returns 0
TA8E4 000:800.286 JLINK_CORESIGHT_ReadAPDPReg(AP reg 0x03)
TA8E4 000:800.543   Value=0x00000000
TA8E4 000:800.557 - 0.271ms returns 0
TA8E4 000:800.565 JLINK_CORESIGHT_WriteAPDPReg(AP reg 0x00, 0x80000002)
TA8E4 000:800.765 - 0.200ms returns 0
TA8E4 000:800.773 JLINK_CORESIGHT_WriteAPDPReg(AP reg 0x01, 0x80011130)
TA8E4 000:800.970 - 0.196ms returns 0
TA8E4 000:800.978 JLINK_CORESIGHT_ReadAPDPReg(AP reg 0x03)
TA8E4 000:801.217   Value=0x000385FF
TA8E4 000:801.226 - 0.247ms returns 0
TA8E4 000:801.291 JLINK_CORESIGHT_WriteAPDPReg(AP reg 0x00, 0x80000002)
TA8E4 000:801.524 - 0.229ms returns 0
TA8E4 000:801.555 JLINK_CORESIGHT_WriteAPDPReg(AP reg 0x01, 0x80011140)
TA8E4 000:801.739 - 0.183ms returns 0
TA8E4 000:801.748 JLINK_CORESIGHT_ReadAPDPReg(AP reg 0x03)
TA8E4 000:801.991   Value=0x00000002
TA8E4 000:801.999 - 0.250ms returns 0
TA8E4 000:802.006 JLINK_CORESIGHT_WriteAPDPReg(AP reg 0x00, 0x80000002)
TA8E4 000:802.283 - 0.277ms returns 0
TA8E4 000:802.295 JLINK_CORESIGHT_WriteAPDPReg(AP reg 0x01, 0x80011120)
TA8E4 000:802.506 - 0.211ms returns 0
TA8E4 000:802.522 JLINK_CORESIGHT_WriteAPDPReg(AP reg 0x03, 0x2C010001)
TA8E4 000:802.722 - 0.199ms returns 0
TA8E4 000:802.731 JLINK_CORESIGHT_WriteAPDPReg(AP reg 0x00, 0x80000002)
TA8E4 000:802.930 - 0.199ms returns 0
TA8E4 000:802.939 JLINK_CORESIGHT_WriteAPDPReg(AP reg 0x01, 0x80011140)
TA8E4 000:803.157 - 0.218ms returns 0
TA8E4 000:803.168 JLINK_CORESIGHT_ReadAPDPReg(AP reg 0x03)
TA8E4 000:803.420   Value=0x00000002
TA8E4 000:803.438 - 0.269ms returns 0
TA8E4 000:803.447 JLINK_CORESIGHT_WriteAPDPReg(AP reg 0x00, 0x80000002)
TA8E4 000:803.639 - 0.192ms returns 0
TA8E4 000:803.651 JLINK_CORESIGHT_WriteAPDPReg(AP reg 0x01, 0x80011120)
TA8E4 000:803.860 - 0.208ms returns 0
TA8E4 000:803.871 JLINK_CORESIGHT_WriteAPDPReg(AP reg 0x03, 0x000003D3)
TA8E4 000:804.151 - 0.280ms returns 0
TA8E4 000:804.166 JLINK_CORESIGHT_WriteAPDPReg(AP reg 0x00, 0x80000002)
TA8E4 000:804.380 - 0.214ms returns 0
TA8E4 000:804.408 JLINK_CORESIGHT_WriteAPDPReg(AP reg 0x01, 0x80011140)
TA8E4 000:804.625 - 0.217ms returns 0
TA8E4 000:804.677 JLINK_CORESIGHT_ReadAPDPReg(AP reg 0x03)
TA8E4 000:804.965   Value=0x00000002
TA8E4 000:804.977 - 0.300ms returns 0
TA8E4 000:804.986 JLINK_CORESIGHT_ReadAPDPReg(AP reg 0x03)
TA8E4 000:805.238   Value=0x00000002
TA8E4 000:805.254 - 0.267ms returns 0
TA8E4 000:805.264 JLINK_CORESIGHT_ReadAPDPReg(AP reg 0x03)
TA8E4 000:805.516   Value=0x00000002
TA8E4 000:805.535 - 0.270ms returns 0
TA8E4 000:805.545 JLINK_CORESIGHT_ReadAPDPReg(AP reg 0x03)
TA8E4 000:805.798   Value=0x00000002
TA8E4 000:805.807 - 0.262ms returns 0
TA8E4 000:805.814 JLINK_CORESIGHT_ReadAPDPReg(AP reg 0x03)
TA8E4 000:806.058   Value=0x00000002
TA8E4 000:806.067 - 0.253ms returns 0
TA8E4 000:806.076 JLINK_CORESIGHT_ReadAPDPReg(AP reg 0x03)
TA8E4 000:806.301   Value=0x00000002
TA8E4 000:806.310 - 0.234ms returns 0
TA8E4 000:806.318 JLINK_CORESIGHT_ReadAPDPReg(AP reg 0x03)
TA8E4 000:806.563   Value=0x00000002
TA8E4 000:806.585 - 0.267ms returns 0
TA8E4 000:806.593 JLINK_CORESIGHT_ReadAPDPReg(AP reg 0x03)
TA8E4 000:806.851   Value=0x00000000
TA8E4 000:806.867 - 0.273ms returns 0
TA8E4 000:806.876 JLINK_CORESIGHT_WriteAPDPReg(AP reg 0x00, 0x80000002)
TA8E4 000:807.144 - 0.268ms returns 0
TA8E4 000:807.154 JLINK_CORESIGHT_WriteAPDPReg(AP reg 0x01, 0x80011130)
TA8E4 000:807.349 - 0.195ms returns 0
TA8E4 000:807.359 JLINK_CORESIGHT_ReadAPDPReg(AP reg 0x03)
TA8E4 000:807.681   Value=0x2C020081
TA8E4 000:807.698 - 0.338ms returns 0
TA8E4 000:807.707 JLINK_CORESIGHT_WriteAPDPReg(AP reg 0x00, 0x80000002)
TA8E4 000:807.912 - 0.205ms returns 0
TA8E4 000:807.923 JLINK_CORESIGHT_WriteAPDPReg(AP reg 0x01, 0x80011140)
TA8E4 000:808.139 - 0.216ms returns 0
TA8E4 000:808.147 JLINK_CORESIGHT_ReadAPDPReg(AP reg 0x03)
TA8E4 000:808.389   Value=0x00000000
TA8E4 000:808.399 - 0.252ms returns 0
TA8E4 000:808.407 JLINK_CORESIGHT_WriteAPDPReg(AP reg 0x00, 0x80000002)
TA8E4 000:808.636 - 0.229ms returns 0
TA8E4 000:808.644 JLINK_CORESIGHT_WriteAPDPReg(AP reg 0x01, 0x80011130)
TA8E4 000:808.841 - 0.197ms returns 0
TA8E4 000:808.850 JLINK_CORESIGHT_ReadAPDPReg(AP reg 0x03)
TA8E4 000:809.158   Value=0x0003CE04
TA8E4 000:809.170 - 0.319ms returns 0
TA8E4 000:809.183 JLINK_CORESIGHT_WriteAPDPReg(AP reg 0x00, 0x80000002)
TA8E4 000:809.390 - 0.206ms returns 0
TA8E4 000:809.404 JLINK_CORESIGHT_WriteAPDPReg(AP reg 0x01, 0x80011140)
TA8E4 000:809.591 - 0.186ms returns 0
TA8E4 000:809.601 JLINK_CORESIGHT_ReadAPDPReg(AP reg 0x03)
TA8E4 000:809.932   Value=0x00000002
TA8E4 000:809.940 - 0.339ms returns 0
TA8E4 000:809.947 JLINK_CORESIGHT_WriteAPDPReg(AP reg 0x00, 0x80000002)
TA8E4 000:810.158 - 0.210ms returns 0
TA8E4 000:810.170 JLINK_CORESIGHT_WriteAPDPReg(AP reg 0x01, 0x80011120)
TA8E4 000:810.374 - 0.203ms returns 0
TA8E4 000:810.388 JLINK_CORESIGHT_WriteAPDPReg(AP reg 0x03, 0x73010001)
TA8E4 000:810.617 - 0.229ms returns 0
TA8E4 000:810.648 JLINK_CORESIGHT_WriteAPDPReg(AP reg 0x00, 0x80000002)
TA8E4 000:810.875 - 0.227ms returns 0
TA8E4 000:810.892 JLINK_CORESIGHT_WriteAPDPReg(AP reg 0x01, 0x80011140)
TA8E4 000:811.149 - 0.256ms returns 0
TA8E4 000:811.165 JLINK_CORESIGHT_ReadAPDPReg(AP reg 0x03)
TA8E4 000:811.416   Value=0x00000002
TA8E4 000:811.424 - 0.259ms returns 0
TA8E4 000:811.432 JLINK_CORESIGHT_WriteAPDPReg(AP reg 0x00, 0x80000002)
TA8E4 000:811.633 - 0.201ms returns 0
TA8E4 000:811.640 JLINK_CORESIGHT_WriteAPDPReg(AP reg 0x01, 0x80011120)
TA8E4 000:811.838 - 0.197ms returns 0
TA8E4 000:811.856 JLINK_CORESIGHT_WriteAPDPReg(AP reg 0x03, 0x0000038C)
TA8E4 000:812.065 - 0.209ms returns 0
TA8E4 000:812.083 JLINK_CORESIGHT_WriteAPDPReg(AP reg 0x00, 0x80000002)
TA8E4 000:812.270 - 0.188ms returns 0
TA8E4 000:812.279 JLINK_CORESIGHT_WriteAPDPReg(AP reg 0x01, 0x80011140)
TA8E4 000:812.473 - 0.194ms returns 0
TA8E4 000:812.484 JLINK_CORESIGHT_ReadAPDPReg(AP reg 0x03)
TA8E4 000:812.730   Value=0x00000002
TA8E4 000:812.738 - 0.254ms returns 0
TA8E4 000:812.745 JLINK_CORESIGHT_ReadAPDPReg(AP reg 0x03)
TA8E4 000:813.058   Value=0x00000000
TA8E4 000:813.072 - 0.327ms returns 0
TA8E4 000:813.081 JLINK_CORESIGHT_WriteAPDPReg(AP reg 0x00, 0x80000002)
TA8E4 000:813.286 - 0.205ms returns 0
TA8E4 000:813.294 JLINK_CORESIGHT_WriteAPDPReg(AP reg 0x01, 0x80011130)
TA8E4 000:813.482 - 0.187ms returns 0
TA8E4 000:813.502 JLINK_CORESIGHT_ReadAPDPReg(AP reg 0x03)
TA8E4 000:813.741   Value=0x73020081
TA8E4 000:813.750 - 0.248ms returns 0
TA8E4 000:813.756 JLINK_CORESIGHT_WriteAPDPReg(AP reg 0x00, 0x80000002)
TA8E4 000:813.956 - 0.199ms returns 0
TA8E4 000:813.974 JLINK_CORESIGHT_WriteAPDPReg(AP reg 0x01, 0x80011140)
TA8E4 000:814.159 - 0.185ms returns 0
TA8E4 000:814.167 JLINK_CORESIGHT_ReadAPDPReg(AP reg 0x03)
TA8E4 000:814.415   Value=0x00000000
TA8E4 000:814.431 - 0.263ms returns 0
TA8E4 000:814.440 JLINK_CORESIGHT_WriteAPDPReg(AP reg 0x00, 0x80000002)
TA8E4 000:814.646 - 0.206ms returns 0
TA8E4 000:814.662 JLINK_CORESIGHT_WriteAPDPReg(AP reg 0x01, 0x80011130)
TA8E4 000:814.849 - 0.187ms returns 0
TA8E4 000:814.858 JLINK_CORESIGHT_ReadAPDPReg(AP reg 0x03)
TA8E4 000:815.136   Value=0x00038902
TA8E4 000:815.145 - 0.287ms returns 0
TA8E4 000:815.155 JLINK_CORESIGHT_WriteAPDPReg(AP reg 0x00, 0x80000002)
TA8E4 000:815.355 - 0.200ms returns 0
TA8E4 000:815.373 JLINK_CORESIGHT_WriteAPDPReg(AP reg 0x01, 0x80011140)
TA8E4 000:815.636 - 0.263ms returns 0
TA8E4 000:815.647 JLINK_CORESIGHT_ReadAPDPReg(AP reg 0x03)
TA8E4 000:815.892   Value=0x00000002
TA8E4 000:815.908 - 0.261ms returns 0
TA8E4 000:815.917 JLINK_CORESIGHT_WriteAPDPReg(AP reg 0x00, 0x80000002)
TA8E4 000:816.152 - 0.235ms returns 0
TA8E4 000:816.206 JLINK_CORESIGHT_WriteAPDPReg(AP reg 0x01, 0x80011120)
TA8E4 000:816.427 - 0.221ms returns 0
TA8E4 000:816.467 JLINK_CORESIGHT_WriteAPDPReg(AP reg 0x03, 0x75010001)
TA8E4 000:816.721 - 0.255ms returns 0
TA8E4 000:816.739 JLINK_CORESIGHT_WriteAPDPReg(AP reg 0x00, 0x80000002)
TA8E4 000:816.944 - 0.204ms returns 0
TA8E4 000:816.961 JLINK_CORESIGHT_WriteAPDPReg(AP reg 0x01, 0x80011140)
TA8E4 000:817.142 - 0.180ms returns 0
TA8E4 000:817.160 JLINK_CORESIGHT_ReadAPDPReg(AP reg 0x03)
TA8E4 000:817.415   Value=0x00000002
TA8E4 000:817.433 - 0.273ms returns 0
TA8E4 000:817.442 JLINK_CORESIGHT_WriteAPDPReg(AP reg 0x00, 0x80000002)
TA8E4 000:817.636 - 0.194ms returns 0
TA8E4 000:817.650 JLINK_CORESIGHT_WriteAPDPReg(AP reg 0x01, 0x80011120)
TA8E4 000:817.852 - 0.202ms returns 0
TA8E4 000:817.868 JLINK_CORESIGHT_WriteAPDPReg(AP reg 0x03, 0x0000038A)
TA8E4 000:818.148 - 0.279ms returns 0
TA8E4 000:818.162 JLINK_CORESIGHT_WriteAPDPReg(AP reg 0x00, 0x80000002)
TA8E4 000:818.354 - 0.191ms returns 0
TA8E4 000:818.369 JLINK_CORESIGHT_WriteAPDPReg(AP reg 0x01, 0x80011140)
TA8E4 000:818.623 - 0.254ms returns 0
TA8E4 000:818.633 JLINK_CORESIGHT_ReadAPDPReg(AP reg 0x03)
TA8E4 000:818.854   Value=0x00000002
TA8E4 000:818.863 - 0.230ms returns 0
TA8E4 000:818.870 JLINK_CORESIGHT_ReadAPDPReg(AP reg 0x03)
TA8E4 000:819.159   Value=0x00000002
TA8E4 000:819.186 - 0.315ms returns 0
TA8E4 000:819.194 JLINK_CORESIGHT_ReadAPDPReg(AP reg 0x03)
TA8E4 000:819.430   Value=0x00000002
TA8E4 000:819.439 - 0.245ms returns 0
TA8E4 000:819.447 JLINK_CORESIGHT_ReadAPDPReg(AP reg 0x03)
TA8E4 000:819.677   Value=0x00000002
TA8E4 000:819.686 - 0.239ms returns 0
TA8E4 000:819.693 JLINK_CORESIGHT_ReadAPDPReg(AP reg 0x03)
TA8E4 000:819.934   Value=0x00000002
TA8E4 000:819.943 - 0.250ms returns 0
TA8E4 000:819.950 JLINK_CORESIGHT_ReadAPDPReg(AP reg 0x03)
TA8E4 000:820.189   Value=0x00000002
TA8E4 000:820.203 - 0.252ms returns 0
TA8E4 000:820.211 JLINK_CORESIGHT_ReadAPDPReg(AP reg 0x03)
TA8E4 000:820.463   Value=0x00000002
TA8E4 000:820.483 - 0.272ms returns 0
TA8E4 000:820.492 JLINK_CORESIGHT_ReadAPDPReg(AP reg 0x03)
TA8E4 000:820.724   Value=0x00000002
TA8E4 000:820.734 - 0.242ms returns 0
TA8E4 000:820.742 JLINK_CORESIGHT_ReadAPDPReg(AP reg 0x03)
TA8E4 000:821.014   Value=0x00000002
TA8E4 000:821.031 - 0.288ms returns 0
TA8E4 000:821.040 JLINK_CORESIGHT_ReadAPDPReg(AP reg 0x03)
TA8E4 000:821.310   Value=0x00000002
TA8E4 000:821.322 - 0.281ms returns 0
TA8E4 000:821.330 JLINK_CORESIGHT_ReadAPDPReg(AP reg 0x03)
TA8E4 000:821.558   Value=0x00000002
TA8E4 000:821.573 - 0.243ms returns 0
TA8E4 000:821.581 JLINK_CORESIGHT_ReadAPDPReg(AP reg 0x03)
TA8E4 000:821.810   Value=0x00000002
TA8E4 000:821.824 - 0.243ms returns 0
TA8E4 000:821.832 JLINK_CORESIGHT_ReadAPDPReg(AP reg 0x03)
TA8E4 000:822.146   Value=0x00000000
TA8E4 000:822.163 - 0.331ms returns 0
TA8E4 000:822.174 JLINK_CORESIGHT_WriteAPDPReg(AP reg 0x00, 0x80000002)
TA8E4 000:822.447 - 0.273ms returns 0
TA8E4 000:822.468 JLINK_CORESIGHT_WriteAPDPReg(AP reg 0x01, 0x80011130)
TA8E4 000:822.696 - 0.227ms returns 0
TA8E4 000:822.718 JLINK_CORESIGHT_ReadAPDPReg(AP reg 0x03)
TA8E4 000:823.021   Value=0x75020081
TA8E4 000:823.042 - 0.324ms returns 0
TA8E4 000:823.057 JLINK_CORESIGHT_WriteAPDPReg(AP reg 0x00, 0x80000002)
TA8E4 000:823.273 - 0.215ms returns 0
TA8E4 000:823.287 JLINK_CORESIGHT_WriteAPDPReg(AP reg 0x01, 0x80011140)
TA8E4 000:823.501 - 0.214ms returns 0
TA8E4 000:823.522 JLINK_CORESIGHT_ReadAPDPReg(AP reg 0x03)
TA8E4 000:823.772   Value=0x00000000
TA8E4 000:823.784 - 0.262ms returns 0
TA8E4 000:823.798 JLINK_CORESIGHT_WriteAPDPReg(AP reg 0x00, 0x80000002)
TA8E4 000:824.004 - 0.205ms returns 0
TA8E4 000:824.024 JLINK_CORESIGHT_WriteAPDPReg(AP reg 0x01, 0x80011130)
TA8E4 000:824.277 - 0.253ms returns 0
TA8E4 000:824.294 JLINK_CORESIGHT_ReadAPDPReg(AP reg 0x03)
TA8E4 000:824.530   Value=0x00038702
TA8E4 000:824.544 - 0.249ms returns 0
TA8E4 000:824.962 JLINK_CORESIGHT_WriteAPDPReg(AP reg 0x00, 0x80000002)
TA8E4 000:825.204 - 0.242ms returns 0
TA8E4 000:825.216 JLINK_CORESIGHT_WriteAPDPReg(AP reg 0x01, 0x80011140)
TA8E4 000:825.421 - 0.205ms returns 0
TA8E4 000:825.430 JLINK_CORESIGHT_ReadAPDPReg(AP reg 0x03)
TA8E4 000:825.678   Value=0x00000002
TA8E4 000:825.689 - 0.259ms returns 0
TA8E4 000:825.697 JLINK_CORESIGHT_WriteAPDPReg(AP reg 0x00, 0x80000002)
TA8E4 000:825.898 - 0.200ms returns 0
TA8E4 000:825.913 JLINK_CORESIGHT_WriteAPDPReg(AP reg 0x01, 0x80011120)
TA8E4 000:826.152 - 0.238ms returns 0
TA8E4 000:826.163 JLINK_CORESIGHT_WriteAPDPReg(AP reg 0x03, 0x4F010001)
TA8E4 000:826.373 - 0.210ms returns 0
TA8E4 000:826.382 JLINK_CORESIGHT_WriteAPDPReg(AP reg 0x00, 0x80000002)
TA8E4 000:826.587 - 0.204ms returns 0
TA8E4 000:826.595 JLINK_CORESIGHT_WriteAPDPReg(AP reg 0x01, 0x80011140)
TA8E4 000:826.808 - 0.212ms returns 0
TA8E4 000:826.819 JLINK_CORESIGHT_ReadAPDPReg(AP reg 0x03)
TA8E4 000:827.061   Value=0x00000002
TA8E4 000:827.070 - 0.250ms returns 0
TA8E4 000:827.077 JLINK_CORESIGHT_WriteAPDPReg(AP reg 0x00, 0x80000002)
TA8E4 000:827.285 - 0.207ms returns 0
TA8E4 000:827.310 JLINK_CORESIGHT_WriteAPDPReg(AP reg 0x01, 0x80011120)
TA8E4 000:827.519 - 0.209ms returns 0
TA8E4 000:827.535 JLINK_CORESIGHT_WriteAPDPReg(AP reg 0x03, 0x000003B0)
TA8E4 000:827.787 - 0.252ms returns 0
TA8E4 000:827.802 JLINK_CORESIGHT_WriteAPDPReg(AP reg 0x00, 0x80000002)
TA8E4 000:828.034 - 0.231ms returns 0
TA8E4 000:828.047 JLINK_CORESIGHT_WriteAPDPReg(AP reg 0x01, 0x80011140)
TA8E4 000:828.300 - 0.252ms returns 0
TA8E4 000:828.308 JLINK_CORESIGHT_ReadAPDPReg(AP reg 0x03)
TA8E4 000:828.593   Value=0x00000002
TA8E4 000:828.610 - 0.301ms returns 0
TA8E4 000:828.631 JLINK_CORESIGHT_ReadAPDPReg(AP reg 0x03)
TA8E4 000:828.910   Value=0x00000002
TA8E4 000:828.927 - 0.296ms returns 0
TA8E4 000:828.937 JLINK_CORESIGHT_ReadAPDPReg(AP reg 0x03)
TA8E4 000:829.188   Value=0x00000002
TA8E4 000:829.202 - 0.265ms returns 0
TA8E4 000:829.248 JLINK_CORESIGHT_ReadAPDPReg(AP reg 0x03)
TA8E4 000:829.495   Value=0x00000002
TA8E4 000:829.509 - 0.261ms returns 0
TA8E4 000:829.518 JLINK_CORESIGHT_ReadAPDPReg(AP reg 0x03)
TA8E4 000:829.765   Value=0x00000002
TA8E4 000:829.774 - 0.256ms returns 0
TA8E4 000:829.781 JLINK_CORESIGHT_ReadAPDPReg(AP reg 0x03)
TA8E4 000:830.023   Value=0x00000002
TA8E4 000:830.032 - 0.250ms returns 0
TA8E4 000:830.039 JLINK_CORESIGHT_ReadAPDPReg(AP reg 0x03)
TA8E4 000:830.309   Value=0x00000002
TA8E4 000:830.324 - 0.284ms returns 0
TA8E4 000:830.333 JLINK_CORESIGHT_ReadAPDPReg(AP reg 0x03)
TA8E4 000:830.557   Value=0x00000002
TA8E4 000:830.569 - 0.236ms returns 0
TA8E4 000:830.577 JLINK_CORESIGHT_ReadAPDPReg(AP reg 0x03)
TA8E4 000:830.805   Value=0x00000002
TA8E4 000:830.817 - 0.239ms returns 0
TA8E4 000:830.824 JLINK_CORESIGHT_ReadAPDPReg(AP reg 0x03)
TA8E4 000:831.056   Value=0x00000002
TA8E4 000:831.066 - 0.241ms returns 0
TA8E4 000:831.074 JLINK_CORESIGHT_ReadAPDPReg(AP reg 0x03)
TA8E4 000:831.331   Value=0x00000002
TA8E4 000:831.350 - 0.276ms returns 0
TA8E4 000:831.358 JLINK_CORESIGHT_ReadAPDPReg(AP reg 0x03)
TA8E4 000:831.594   Value=0x00000000
TA8E4 000:831.605 - 0.247ms returns 0
TA8E4 000:831.613 JLINK_CORESIGHT_WriteAPDPReg(AP reg 0x00, 0x80000002)
TA8E4 000:831.835 - 0.222ms returns 0
TA8E4 000:831.845 JLINK_CORESIGHT_WriteAPDPReg(AP reg 0x01, 0x80011130)
TA8E4 000:832.039 - 0.194ms returns 0
TA8E4 000:832.048 JLINK_CORESIGHT_ReadAPDPReg(AP reg 0x03)
TA8E4 000:832.310   Value=0x4F0B0081
TA8E4 000:832.319 - 0.271ms returns 0
TA8E4 000:832.327 JLINK_CORESIGHT_WriteAPDPReg(AP reg 0x00, 0x80000002)
TA8E4 000:832.542 - 0.215ms returns 0
TA8E4 000:832.553 JLINK_CORESIGHT_WriteAPDPReg(AP reg 0x01, 0x80011140)
TA8E4 000:832.752 - 0.199ms returns 0
TA8E4 000:832.761 JLINK_CORESIGHT_ReadAPDPReg(AP reg 0x03)
TA8E4 000:833.034   Value=0x00000000
TA8E4 000:833.048 - 0.286ms returns 0
TA8E4 000:833.056 JLINK_CORESIGHT_WriteAPDPReg(AP reg 0x00, 0x80000002)
TA8E4 000:833.275 - 0.218ms returns 0
TA8E4 000:833.287 JLINK_CORESIGHT_WriteAPDPReg(AP reg 0x01, 0x80011130)
TA8E4 000:833.505 - 0.217ms returns 0
TA8E4 000:833.514 JLINK_CORESIGHT_ReadAPDPReg(AP reg 0x03)
TA8E4 000:833.772   Value=0x20000000
TA8E4 000:833.787 - 0.272ms returns 0
TA8E4 000:833.796 JLINK_CORESIGHT_WriteAPDPReg(AP reg 0x00, 0x80000002)
TA8E4 000:834.012 - 0.216ms returns 0
TA8E4 000:834.026 JLINK_CORESIGHT_WriteAPDPReg(AP reg 0x01, 0x80011140)
TA8E4 000:834.301 - 0.275ms returns 0
TA8E4 000:834.310 JLINK_CORESIGHT_ReadAPDPReg(AP reg 0x03)
TA8E4 000:834.578   Value=0x00000000
TA8E4 000:834.627 - 0.317ms returns 0
TA8E4 000:834.637 JLINK_CORESIGHT_WriteAPDPReg(AP reg 0x00, 0x80000002)
TA8E4 000:834.862 - 0.225ms returns 0
TA8E4 000:834.879 JLINK_CORESIGHT_WriteAPDPReg(AP reg 0x01, 0x80011130)
TA8E4 000:835.148 - 0.269ms returns 0
TA8E4 000:835.166 JLINK_CORESIGHT_ReadAPDPReg(AP reg 0x03)
TA8E4 000:835.410   Value=0x00000000
TA8E4 000:835.426 - 0.260ms returns 0
TA8E4 000:835.434 JLINK_CORESIGHT_WriteAPDPReg(AP reg 0x00, 0x80000002)
TA8E4 000:835.636 - 0.202ms returns 0
TA8E4 000:835.645 JLINK_CORESIGHT_WriteAPDPReg(AP reg 0x01, 0x80011140)
TA8E4 000:835.845 - 0.199ms returns 0
TA8E4 000:835.861 JLINK_CORESIGHT_ReadAPDPReg(AP reg 0x03)
TA8E4 000:836.144   Value=0x00000000
TA8E4 000:836.159 - 0.298ms returns 0
TA8E4 000:836.168 JLINK_CORESIGHT_WriteAPDPReg(AP reg 0x00, 0x80000002)
TA8E4 000:836.370 - 0.202ms returns 0
TA8E4 000:836.381 JLINK_CORESIGHT_WriteAPDPReg(AP reg 0x01, 0x80011130)
TA8E4 000:836.571 - 0.191ms returns 0
TA8E4 000:836.583 JLINK_CORESIGHT_ReadAPDPReg(AP reg 0x03)
TA8E4 000:836.849   Value=0x03860000
TA8E4 000:836.859 - 0.276ms returns 0
TA8E4 000:836.936 JLINK_CORESIGHT_ReadAPDPReg(DP reg 0x01)
TA8E4 000:837.142   Value=0xF0000F40
TA8E4 000:837.152 - 0.216ms returns 0
TA8E4 000:837.159 JLINK_CORESIGHT_WriteAPDPReg(DP reg 0x01, 0xA0000F40)
TA8E4 000:837.404 - 0.245ms returns 0
TA8E4 000:837.414 JLINK_CORESIGHT_ReadAPDPReg(DP reg 0x01)
TA8E4 000:837.612   Value=0x00000F40
TA8E4 000:837.619 - 0.206ms returns 0
TA8E4 000:837.626 JLINK_ClrRESET()
TA8E4 000:837.805 - 0.178ms 
TA8E4 000:941.448 JLINK_Close()
TA8E4 000:948.253 - 6.804ms
TA8E4 000:948.271   
TA8E4 000:948.276   Closed
